npm verb cli /usr/local/bin/node /usr/local/bin/npm
npm info using npm@9.8.1
npm info using node@v18.18.0
npm verb title npm install
npm verb argv "install" "--legacy-peer-deps" "--loglevel" "verbose"
npm verb logfile logs-max:10 dir:/Users/bermet/.npm/_logs/2023-12-13T02_18_21_316Z-
npm verb logfile /Users/bermet/.npm/_logs/2023-12-13T02_18_21_316Z-debug-0.log
npm http fetch GET 200 https://registry.npmjs.org/browserstack-cypress-cli 714ms (cache revalidated)
npm http fetch GET 200 https://registry.npmjs.org/cypress 90ms (cache revalidated)
npm http fetch GET 200 https://registry.npmjs.org/archiver 229ms (cache revalidated)
npm http fetch GET 200 https://registry.npmjs.org/gitconfiglocal 459ms (cache revalidated)
npm http fetch GET 200 https://registry.npmjs.org/git-repo-info 461ms (cache revalidated)
npm http fetch GET 200 https://registry.npmjs.org/requestretry 459ms (cache revalidated)
npm http fetch GET 200 https://registry.npmjs.org/mkdirp 585ms (cache revalidated)
npm http fetch GET 200 https://registry.npmjs.org/cli-progress 593ms (cache revalidated)
npm http fetch GET 200 https://registry.npmjs.org/chalk 594ms (cache revalidated)
npm http fetch GET 200 https://registry.npmjs.org/windows-release 586ms (cache revalidated)
npm http fetch GET 200 https://registry.npmjs.org/table 589ms (cache revalidated)
npm http fetch GET 200 https://registry.npmjs.org/git-last-commit 598ms (cache revalidated)
npm http fetch GET 200 https://registry.npmjs.org/fs-extra 599ms (cache revalidated)
npm http fetch GET 200 https://registry.npmjs.org/browserstack-local 602ms (cache revalidated)
npm http fetch GET 200 https://registry.npmjs.org/async 604ms (cache revalidated)
npm http fetch GET 200 https://registry.npmjs.org/node-ipc 597ms (cache revalidated)
npm http fetch GET 200 https://registry.npmjs.org/update-notifier 597ms (cache revalidated)
npm http fetch GET 200 https://registry.npmjs.org/request 598ms (cache revalidated)
npm http fetch GET 200 https://registry.npmjs.org/uuid 599ms (cache revalidated)
npm http fetch GET 200 https://registry.npmjs.org/@types%2fsinonjs__fake-timers 594ms (cache revalidated)
npm http fetch GET 200 https://registry.npmjs.org/cli-cursor 682ms (cache revalidated)
npm http fetch GET 200 https://registry.npmjs.org/@types%2fnode 692ms (cache revalidated)
npm http fetch GET 200 https://registry.npmjs.org/arch 721ms (cache revalidated)
npm http fetch GET 200 https://registry.npmjs.org/winston 729ms (cache revalidated)
npm http fetch GET 200 https://registry.npmjs.org/bluebird 722ms (cache revalidated)
npm http fetch GET 200 https://registry.npmjs.org/check-more-types 723ms (cache revalidated)
npm http fetch GET 200 https://registry.npmjs.org/common-tags 720ms (cache revalidated)
npm http fetch GET 200 https://registry.npmjs.org/blob-util 727ms (cache revalidated)
npm http fetch GET 200 https://registry.npmjs.org/chalk 725ms (cache revalidated)
npm http fetch GET 200 https://registry.npmjs.org/commander 724ms (cache revalidated)
npm http fetch GET 200 https://registry.npmjs.org/cli-table3 727ms (cache revalidated)
npm http fetch GET 200 https://registry.npmjs.org/yargs 737ms (cache revalidated)
npm http fetch GET 200 https://registry.npmjs.org/@cypress%2fxvfb 735ms (cache revalidated)
npm http fetch GET 200 https://registry.npmjs.org/getmac 751ms (cache revalidated)
npm http fetch GET 200 https://registry.npmjs.org/decompress 742ms (cache revalidated)
npm http fetch GET 200 https://registry.npmjs.org/debug 784ms (cache revalidated)
npm http fetch GET 200 https://registry.npmjs.org/buffer 888ms (cache revalidated)
npm http fetch GET 200 https://registry.npmjs.org/pretty-bytes 874ms (cache revalidated)
npm http fetch GET 200 https://registry.npmjs.org/execa 884ms (cache revalidated)
npm http fetch GET 200 https://registry.npmjs.org/listr2 878ms (cache revalidated)
npm http fetch GET 200 https://registry.npmjs.org/dayjs 893ms (cache revalidated)
npm http fetch GET 200 https://registry.npmjs.org/figures 892ms (cache revalidated)
npm http fetch GET 200 https://registry.npmjs.org/is-installed-globally 890ms (cache revalidated)
npm http fetch GET 200 https://registry.npmjs.org/is-ci 892ms (cache revalidated)
npm http fetch GET 200 https://registry.npmjs.org/@cypress%2frequest 905ms (cache revalidated)
npm http fetch GET 200 https://registry.npmjs.org/eventemitter2 895ms (cache revalidated)
npm http fetch GET 200 https://registry.npmjs.org/extract-zip 894ms (cache revalidated)
npm http fetch GET 200 https://registry.npmjs.org/log-symbols 888ms (cache revalidated)
npm http fetch GET 200 https://registry.npmjs.org/cachedir 902ms (cache revalidated)
npm http fetch GET 200 https://registry.npmjs.org/enquirer 1159ms (cache revalidated)
npm http fetch GET 200 https://registry.npmjs.org/process 1149ms (cache revalidated)
npm http fetch GET 200 https://registry.npmjs.org/untildify 1148ms (cache revalidated)
npm http fetch GET 200 https://registry.npmjs.org/lodash 1152ms (cache revalidated)
npm http fetch GET 200 https://registry.npmjs.org/@types%2fsizzle 1170ms (cache revalidated)
npm http fetch GET 200 https://registry.npmjs.org/lazy-ass 1154ms (cache revalidated)
npm http fetch GET 200 https://registry.npmjs.org/mocha 1181ms (cache revalidated)
npm http fetch GET 200 https://registry.npmjs.org/minimist 1158ms (cache revalidated)
npm http fetch GET 200 https://registry.npmjs.org/supports-color 1157ms (cache revalidated)
npm http fetch GET 200 https://registry.npmjs.org/fs-extra 1167ms (cache revalidated)
npm http fetch GET 200 https://registry.npmjs.org/getos 1168ms (cache revalidated)
npm http fetch GET 200 https://registry.npmjs.org/request-progress 1160ms (cache revalidated)
npm http fetch GET 200 https://registry.npmjs.org/semver 1160ms (cache revalidated)
npm http fetch GET 200 https://registry.npmjs.org/executable 1171ms (cache revalidated)
npm http fetch GET 200 https://registry.npmjs.org/glob 1191ms (cache revalidated)
npm http fetch GET 200 https://registry.npmjs.org/ospath 1227ms (cache revalidated)
npm http fetch GET 200 https://registry.npmjs.org/proxy-from-env 1227ms (cache revalidated)
npm http fetch GET 200 https://registry.npmjs.org/tmp 1226ms (cache revalidated)
npm http fetch GET 200 https://registry.npmjs.org/yauzl 1226ms (cache revalidated)
npm http fetch GET 200 https://registry.npmjs.org/make-dir 212ms (cache revalidated)
npm http fetch GET 200 https://registry.npmjs.org/buffer-crc32 223ms (cache revalidated)
npm http fetch GET 200 https://registry.npmjs.org/decompress-unzip 213ms (cache revalidated)
npm http fetch GET 200 https://registry.npmjs.org/agent-base 217ms (cache revalidated)
npm http fetch GET 200 https://registry.npmjs.org/tar-stream 220ms (cache revalidated)
npm http fetch GET 200 https://registry.npmjs.org/ansi-styles 217ms (cache revalidated)
npm http fetch GET 200 https://registry.npmjs.org/archiver-utils 226ms (cache revalidated)
npm http fetch GET 200 https://registry.npmjs.org/universalify 284ms (cache revalidated)
npm http fetch GET 200 https://registry.npmjs.org/graceful-fs 288ms (cache revalidated)
npm http fetch GET 200 https://registry.npmjs.org/decompress-tarbz2 289ms (cache revalidated)
npm http fetch GET 200 https://registry.npmjs.org/readable-stream 300ms (cache revalidated)
npm http fetch GET 200 https://registry.npmjs.org/inherits 283ms (cache revalidated)
npm http fetch GET 200 https://registry.npmjs.org/decompress-tar 291ms (cache revalidated)
npm http fetch GET 200 https://registry.npmjs.org/graceful-fs 300ms (cache revalidated)
npm http fetch GET 200 https://registry.npmjs.org/decompress-targz 303ms (cache revalidated)
npm http fetch GET 200 https://registry.npmjs.org/string-width 305ms (cache revalidated)
npm http fetch GET 200 https://registry.npmjs.org/jsonfile 300ms (cache revalidated)
npm http fetch GET 200 https://registry.npmjs.org/zip-stream 311ms (cache revalidated)
npm http fetch GET 200 https://registry.npmjs.org/readdir-glob 312ms (cache revalidated)
npm http fetch GET 200 https://registry.npmjs.org/fs.realpath 299ms (cache revalidated)
npm http fetch GET 200 https://registry.npmjs.org/diff 406ms (cache revalidated)
npm http fetch GET 200 https://registry.npmjs.org/ansi-colors 410ms (cache revalidated)
npm http fetch GET 200 https://registry.npmjs.org/minimatch 407ms (cache revalidated)
npm http fetch GET 200 https://registry.npmjs.org/nanoid 407ms (cache revalidated)
npm http fetch GET 200 https://registry.npmjs.org/he 409ms (cache revalidated)
npm http fetch GET 200 https://registry.npmjs.org/ini 418ms (cache revalidated)
npm http fetch GET 200 https://registry.npmjs.org/escape-string-regexp 411ms (cache revalidated)
npm http fetch GET 200 https://registry.npmjs.org/once 416ms (cache revalidated)
npm http fetch GET 200 https://registry.npmjs.org/strip-json-comments 452ms (cache revalidated)
npm http fetch GET 200 https://registry.npmjs.org/pify 466ms (cache revalidated)
npm http fetch GET 200 https://registry.npmjs.org/path-is-absolute 460ms (cache revalidated)
npm http fetch GET 200 https://registry.npmjs.org/js-yaml 454ms (cache revalidated)
npm http fetch GET 200 https://registry.npmjs.org/strip-dirs 468ms (cache revalidated)
npm http fetch GET 200 https://registry.npmjs.org/serialize-javascript 454ms (cache revalidated)
npm http fetch GET 200 https://registry.npmjs.org/ps-tree 513ms (cache revalidated)
npm http fetch GET 200 https://registry.npmjs.org/event-pubsub 492ms (cache revalidated)
npm http fetch GET 200 https://registry.npmjs.org/workerpool 493ms (cache revalidated)
npm http fetch GET 200 https://registry.npmjs.org/js-message 492ms (cache revalidated)
npm http fetch GET 200 https://registry.npmjs.org/js-queue 492ms (cache revalidated)
npm http fetch GET 200 https://registry.npmjs.org/yargs-unparser 494ms (cache revalidated)
npm http fetch GET 200 https://registry.npmjs.org/combined-stream 491ms (cache revalidated)
npm http fetch GET 200 https://registry.npmjs.org/minimatch 515ms (cache revalidated)
npm http fetch GET 200 https://registry.npmjs.org/caseless 505ms (cache revalidated)
npm http fetch GET 200 https://registry.npmjs.org/aws4 505ms (cache revalidated)
npm http fetch GET 200 https://registry.npmjs.org/yargs-parser 509ms (cache revalidated)
npm http fetch GET 200 https://registry.npmjs.org/forever-agent 506ms (cache revalidated)
npm http fetch GET 200 https://registry.npmjs.org/ms 512ms (cache revalidated)
npm http fetch GET 200 https://registry.npmjs.org/is-running 605ms (cache revalidated)
npm http fetch GET 200 https://registry.npmjs.org/inflight 595ms (cache revalidated)
npm http fetch GET 200 https://registry.npmjs.org/string-width 574ms (cache revalidated)
npm http fetch GET 200 https://registry.npmjs.org/http-signature 581ms (cache revalidated)
npm http fetch GET 200 https://registry.npmjs.org/form-data 582ms (cache revalidated)
npm http fetch GET 200 https://registry.npmjs.org/performance-now 579ms (cache revalidated)
npm http fetch GET 200 https://registry.npmjs.org/isstream 582ms (cache revalidated)
npm http fetch GET 200 https://registry.npmjs.org/oauth-sign 582ms (cache revalidated)
npm http fetch GET 200 https://registry.npmjs.org/tunnel-agent 578ms (cache revalidated)
npm http fetch GET 200 https://registry.npmjs.org/json-stringify-safe 582ms (cache revalidated)
npm http fetch GET 200 https://registry.npmjs.org/tough-cookie 579ms (cache revalidated)
npm http fetch GET 200 https://registry.npmjs.org/har-validator 584ms (cache revalidated)
npm http fetch GET 200 https://registry.npmjs.org/extend 580ms (cache revalidated)
npm http fetch GET 200 https://registry.npmjs.org/chokidar 594ms (cache revalidated)
npm http fetch GET 200 https://registry.npmjs.org/extend 621ms (cache revalidated)
npm http fetch GET 200 https://registry.npmjs.org/is-npm 613ms (cache revalidated)
npm http fetch GET 200 https://registry.npmjs.org/is-typedarray 621ms (cache revalidated)
npm http fetch GET 200 https://registry.npmjs.org/slice-ansi 615ms (cache revalidated)
npm http fetch GET 200 https://registry.npmjs.org/ajv 617ms (cache revalidated)
npm http fetch GET 200 https://registry.npmjs.org/isstream 629ms (cache revalidated)
npm http fetch GET 200 https://registry.npmjs.org/configstore 633ms (cache revalidated)
npm http fetch GET 200 https://registry.npmjs.org/xdg-basedir 632ms (cache revalidated)
npm http fetch GET 200 https://registry.npmjs.org/latest-version 632ms (cache revalidated)
npm http fetch GET 200 https://registry.npmjs.org/stack-trace 630ms (cache revalidated)
npm http fetch GET 200 https://registry.npmjs.org/safe-buffer 638ms (cache revalidated)
npm http fetch GET 200 https://registry.npmjs.org/import-lazy 659ms (cache revalidated)
npm http fetch GET 200 https://registry.npmjs.org/find-up 675ms (cache revalidated)
npm http fetch GET 200 https://registry.npmjs.org/find-up 675ms (cache revalidated)
npm http fetch GET 200 https://registry.npmjs.org/eyes 678ms (cache revalidated)
npm http fetch GET 200 https://registry.npmjs.org/semver-diff 680ms (cache revalidated)
npm http fetch GET 200 https://registry.npmjs.org/require-directory 731ms (cache revalidated)
npm http fetch GET 200 https://registry.npmjs.org/pupa 736ms (cache revalidated)
npm http fetch GET 200 https://registry.npmjs.org/boxen 738ms (cache revalidated)
npm http fetch GET 200 https://registry.npmjs.org/https-proxy-agent 772ms (cache revalidated)
npm http fetch GET 200 https://registry.npmjs.org/yargs-parser 769ms (cache revalidated)
npm http fetch GET 200 https://registry.npmjs.org/aws-sign2 790ms (cache revalidated)
npm http fetch GET 200 https://registry.npmjs.org/which-module 771ms (cache revalidated)
npm http fetch GET 200 https://registry.npmjs.org/require-main-filename 772ms (cache revalidated)
npm http fetch GET 200 https://registry.npmjs.org/cliui 776ms (cache revalidated)
npm http fetch GET 200 https://registry.npmjs.org/get-caller-file 776ms (cache revalidated)
npm http fetch GET 200 https://registry.npmjs.org/mime-types 788ms (cache revalidated)
npm http fetch GET 200 https://registry.npmjs.org/qs 786ms (cache revalidated)
npm http fetch GET 200 https://registry.npmjs.org/is-yarn-global 783ms (cache revalidated)
npm http fetch GET 200 https://registry.npmjs.org/browser-stdout 824ms (cache revalidated)
npm http fetch GET 200 https://registry.npmjs.org/cycle 812ms (cache revalidated)
npm http fetch GET 200 https://registry.npmjs.org/set-blocking 818ms (cache revalidated)
npm http fetch GET 200 https://registry.npmjs.org/colors 824ms (cache revalidated)
npm http fetch GET 200 https://registry.npmjs.org/has-yarn 828ms (cache revalidated)
npm http fetch GET 200 https://registry.npmjs.org/decamelize 824ms (cache revalidated)
npm http fetch GET 200 https://registry.npmjs.org/y18n 819ms (cache revalidated)
npm http fetch GET 200 https://registry.npmjs.org/temp-fs 862ms (cache revalidated)
npm http fetch GET 200 https://registry.npmjs.org/end-of-stream 112ms (cache revalidated)
npm http fetch GET 200 https://registry.npmjs.org/util-deprecate 117ms (cache revalidated)
npm http fetch GET 200 https://registry.npmjs.org/lodash.difference 121ms (cache revalidated)
npm http fetch GET 200 https://registry.npmjs.org/lodash.flatten 121ms (cache revalidated)
npm http fetch GET 200 https://registry.npmjs.org/lodash.isplainobject 121ms (cache revalidated)
npm http fetch GET 200 https://registry.npmjs.org/fs-constants 115ms (cache revalidated)
npm http fetch GET 200 https://registry.npmjs.org/compress-commons 115ms (cache revalidated)
npm http fetch GET 200 https://registry.npmjs.org/lodash.defaults 123ms (cache revalidated)
npm http fetch GET 200 https://registry.npmjs.org/bl 118ms (cache revalidated)
npm http fetch GET 200 https://registry.npmjs.org/lodash.union 122ms (cache revalidated)
npm http fetch GET 200 https://registry.npmjs.org/lazystream 126ms (cache revalidated)
npm http fetch GET 200 https://registry.npmjs.org/string_decoder 121ms (cache revalidated)
npm http fetch GET 200 https://registry.npmjs.org/normalize-path 138ms (cache revalidated)
npm http fetch GET 200 https://registry.npmjs.org/isarray 86ms (cache revalidated)
npm http fetch GET 200 https://registry.npmjs.org/process-nextick-args 86ms (cache revalidated)
npm http fetch GET 200 https://registry.npmjs.org/core-util-is 87ms (cache revalidated)
npm http fetch GET 200 https://registry.npmjs.org/rimraf 86ms (cache revalidated)
npm http fetch GET 200 https://registry.npmjs.org/event-stream 133ms (cache revalidated)
npm http fetch GET 200 https://registry.npmjs.org/has-flag 160ms (cache revalidated)
npm http fetch GET 200 https://registry.npmjs.org/color-convert 163ms (cache revalidated)
npm http fetch GET 200 https://registry.npmjs.org/color-name 81ms (cache revalidated)
npm http fetch GET 200 https://registry.npmjs.org/is-fullwidth-code-point 97ms (cache revalidated)
npm http fetch GET 200 https://registry.npmjs.org/strip-ansi 97ms (cache revalidated)
npm http fetch GET 200 https://registry.npmjs.org/emoji-regex 124ms (cache revalidated)
npm http fetch GET 200 https://registry.npmjs.org/cross-spawn 145ms (cache revalidated)
npm http fetch GET 200 https://registry.npmjs.org/signal-exit 142ms (cache revalidated)
npm http fetch GET 200 https://registry.npmjs.org/merge-stream 144ms (cache revalidated)
npm http fetch GET 200 https://registry.npmjs.org/get-stream 145ms (cache revalidated)
npm http fetch GET 200 https://registry.npmjs.org/restore-cursor 149ms (cache revalidated)
npm http fetch GET 200 https://registry.npmjs.org/@types%2fyauzl 141ms (cache revalidated)
npm http fetch GET 200 https://registry.npmjs.org/ci-info 140ms (cache revalidated)
npm http fetch GET 200 https://registry.npmjs.org/ieee754 154ms (cache revalidated)
npm http fetch GET 200 https://registry.npmjs.org/strip-final-newline 144ms (cache revalidated)
npm http fetch GET 200 https://registry.npmjs.org/human-signals 146ms (cache revalidated)
npm http fetch GET 200 https://registry.npmjs.org/@colors%2fcolors 150ms (cache revalidated)
npm http fetch GET 200 https://registry.npmjs.org/undici-types 158ms (cache revalidated)
npm http fetch GET 200 https://registry.npmjs.org/colorette 139ms (cache revalidated)
npm http fetch GET 200 https://registry.npmjs.org/at-least-node 142ms (cache revalidated)
npm http fetch GET 200 https://registry.npmjs.org/get-stream 144ms (cache revalidated)
npm http fetch GET 200 https://registry.npmjs.org/rfdc 190ms (cache revalidated)
npm http fetch GET 200 https://registry.npmjs.org/npm-run-path 198ms (cache revalidated)
npm http fetch GET 200 https://registry.npmjs.org/fd-slicer 184ms (cache revalidated)
npm http fetch GET 200 https://registry.npmjs.org/base64-js 208ms (cache revalidated)
npm http fetch GET 200 https://registry.npmjs.org/through 190ms (cache revalidated)
npm http fetch GET 200 https://registry.npmjs.org/global-dirs 193ms (cache revalidated)
npm http fetch GET 200 https://registry.npmjs.org/is-stream 200ms (cache revalidated)
npm http fetch GET 200 https://registry.npmjs.org/p-map 192ms (cache revalidated)
npm http fetch GET 200 https://registry.npmjs.org/cli-truncate 193ms (cache revalidated)
npm http fetch GET 200 https://registry.npmjs.org/lodash.once 213ms (cache revalidated)
npm http fetch GET 200 https://registry.npmjs.org/onetime 200ms (cache revalidated)
npm http fetch GET 200 https://registry.npmjs.org/rxjs 193ms (cache revalidated)
npm http fetch GET 200 https://registry.npmjs.org/log-update 196ms (cache revalidated)
npm http fetch GET 200 https://registry.npmjs.org/is-path-inside 241ms (cache revalidated)
npm http fetch GET 200 https://registry.npmjs.org/wrap-ansi 238ms (cache revalidated)
npm http fetch GET 200 https://registry.npmjs.org/throttleit 280ms (cache revalidated)
npm http fetch GET 200 https://registry.npmjs.org/is-unicode-supported 282ms (cache revalidated)
npm http fetch GET 200 https://registry.npmjs.org/lru-cache 281ms (cache revalidated)
npm http fetch GET 200 https://registry.npmjs.org/jsprim 227ms (cache revalidated)
npm http fetch GET 200 https://registry.npmjs.org/url-parse 214ms (cache revalidated)
npm http fetch GET 200 https://registry.npmjs.org/side-channel 225ms (cache revalidated)
npm http fetch GET 200 https://registry.npmjs.org/sshpk 229ms (cache revalidated)
npm http fetch GET 200 https://registry.npmjs.org/asynckit 231ms (cache revalidated)
npm http fetch GET 200 https://registry.npmjs.org/punycode 223ms (cache revalidated)
npm http fetch GET 200 https://registry.npmjs.org/assert-plus 230ms (cache revalidated)
npm http fetch GET 200 https://registry.npmjs.org/delayed-stream 233ms (cache revalidated)
npm http fetch GET 200 https://registry.npmjs.org/psl 225ms (cache revalidated)
npm http fetch GET 200 https://registry.npmjs.org/mime-db 228ms (cache revalidated)
npm http fetch GET 200 https://registry.npmjs.org/file-type 69ms (cache revalidated)
npm http fetch GET 200 https://registry.npmjs.org/file-type 69ms (cache revalidated)
npm http fetch GET 200 https://registry.npmjs.org/seek-bzip 70ms (cache revalidated)
npm http fetch GET 200 https://registry.npmjs.org/is-natural-number 66ms (cache revalidated)
npm http fetch GET 200 https://registry.npmjs.org/unbzip2-stream 69ms (cache revalidated)
npm http fetch GET 200 https://registry.npmjs.org/file-type 73ms (cache revalidated)
npm http fetch GET 200 https://registry.npmjs.org/buffer-alloc 87ms (cache revalidated)
npm http fetch GET 200 https://registry.npmjs.org/xtend 86ms (cache revalidated)
npm http fetch GET 200 https://registry.npmjs.org/to-buffer 364ms (cache revalidated)
npm http fetch GET 200 https://registry.npmjs.org/pinkie-promise 70ms (cache revalidated)
npm http fetch GET 200 https://registry.npmjs.org/object-assign 128ms (cache revalidated)
npm http fetch GET 200 https://registry.npmjs.org/ansi-regex 100ms (cache revalidated)
npm http fetch GET 200 https://registry.npmjs.org/path-key 115ms (cache revalidated)
npm http fetch GET 200 https://registry.npmjs.org/path-key 112ms (cache revalidated)
npm http fetch GET 200 https://registry.npmjs.org/mimic-fn 111ms (cache revalidated)
npm http fetch GET 200 https://registry.npmjs.org/pump 114ms (cache revalidated)
npm http fetch GET 200 https://registry.npmjs.org/shebang-command 129ms (cache revalidated)
npm http fetch GET 200 https://registry.npmjs.org/which 135ms (cache revalidated)
npm http fetch GET 200 https://registry.npmjs.org/shebang-regex 150ms (cache revalidated)
npm http fetch GET 200 https://registry.npmjs.org/isexe 150ms (cache revalidated)
npm http fetch GET 200 https://registry.npmjs.org/pinkie 154ms (cache revalidated)
npm http fetch GET 200 https://registry.npmjs.org/brace-expansion 105ms (cache revalidated)
npm http fetch GET 200 https://registry.npmjs.org/wrappy 107ms (cache revalidated)
npm http fetch GET 200 https://registry.npmjs.org/safer-buffer 170ms (cache revalidated)
npm http fetch GET 200 https://registry.npmjs.org/extsprintf 176ms (cache revalidated)
npm http fetch GET 200 https://registry.npmjs.org/jsbn 290ms (cache revalidated)
npm http fetch GET 200 https://registry.npmjs.org/tweetnacl 289ms (cache revalidated)
npm http fetch GET 200 https://registry.npmjs.org/ecc-jsbn 289ms (cache revalidated)
npm http fetch GET 200 https://registry.npmjs.org/verror 295ms (cache revalidated)
npm http fetch GET 200 https://registry.npmjs.org/asn1 294ms (cache revalidated)
npm http fetch GET 200 https://registry.npmjs.org/getpass 293ms (cache revalidated)
npm http fetch GET 200 https://registry.npmjs.org/json-schema 296ms (cache revalidated)
npm http fetch GET 200 https://registry.npmjs.org/bcrypt-pbkdf 291ms (cache revalidated)
npm http fetch GET 200 https://registry.npmjs.org/dashdash 295ms (cache revalidated)
npm http fetch GET 200 https://registry.npmjs.org/ansi-escapes 192ms (cache revalidated)
npm http fetch GET 200 https://registry.npmjs.org/tslib 191ms (cache revalidated)
npm http fetch GET 200 https://registry.npmjs.org/aggregate-error 193ms (cache revalidated)
npm http fetch GET 200 https://registry.npmjs.org/astral-regex 117ms (cache revalidated)
npm http fetch GET 200 https://registry.npmjs.org/type-fest 85ms (cache revalidated)
npm http fetch GET 200 https://registry.npmjs.org/concat-map 84ms (cache revalidated)
npm http fetch GET 200 https://registry.npmjs.org/balanced-match 86ms (cache revalidated)
npm http fetch GET 200 https://registry.npmjs.org/is-binary-path 159ms (cache revalidated)
npm http fetch GET 200 https://registry.npmjs.org/locate-path 156ms (cache revalidated)
npm http fetch GET 200 https://registry.npmjs.org/is-plain-obj 246ms (cache revalidated)
npm http fetch GET 200 https://registry.npmjs.org/path-exists 256ms (cache revalidated)
npm http fetch GET 200 https://registry.npmjs.org/readdirp 258ms (cache revalidated)
npm http fetch GET 200 https://registry.npmjs.org/camelcase 249ms (cache revalidated)
npm http fetch GET 200 https://registry.npmjs.org/is-glob 260ms (cache revalidated)
npm http fetch GET 200 https://registry.npmjs.org/anymatch 264ms (cache revalidated)
npm http fetch GET 200 https://registry.npmjs.org/argparse 256ms (cache revalidated)
npm http fetch GET 200 https://registry.npmjs.org/fsevents 261ms (cache revalidated)
npm http fetch GET 200 https://registry.npmjs.org/flat 250ms (cache revalidated)
npm http fetch GET 200 https://registry.npmjs.org/escalade 253ms (cache revalidated)
npm http fetch GET 200 https://registry.npmjs.org/braces 265ms (cache revalidated)
npm http fetch GET 200 https://registry.npmjs.org/glob-parent 377ms (cache revalidated)
npm http fetch GET 200 https://registry.npmjs.org/randombytes 370ms (cache revalidated)
npm http fetch GET 200 https://registry.npmjs.org/is-extglob 57ms (cache revalidated)
npm http fetch GET 200 https://registry.npmjs.org/picomatch 64ms (cache revalidated)
npm http fetch GET 200 https://registry.npmjs.org/binary-extensions 61ms (cache revalidated)
npm http fetch GET 200 https://registry.npmjs.org/fill-range 67ms (cache revalidated)
npm http fetch GET 200 https://registry.npmjs.org/picomatch 72ms (cache revalidated)
npm http fetch GET 200 https://registry.npmjs.org/to-regex-range 145ms (cache revalidated)
npm http fetch GET 200 https://registry.npmjs.org/is-number 84ms (cache revalidated)
npm http fetch GET 200 https://registry.npmjs.org/p-locate 105ms (cache revalidated)
npm http fetch GET 200 https://registry.npmjs.org/p-limit 99ms (cache revalidated)
npm http fetch GET 200 https://registry.npmjs.org/easy-stack 80ms (cache revalidated)
npm http fetch GET 200 https://registry.npmjs.org/yocto-queue 78ms (cache revalidated)
npm http fetch GET 200 https://registry.npmjs.org/clean-stack 167ms (cache revalidated)
npm http fetch GET 200 https://registry.npmjs.org/indent-string 285ms (cache revalidated)
npm http fetch GET 200 https://registry.npmjs.org/pause-stream 80ms (cache revalidated)
npm http fetch GET 200 https://registry.npmjs.org/duplexer 84ms (cache revalidated)
npm http fetch GET 200 https://registry.npmjs.org/stream-combiner 99ms (cache revalidated)
npm http fetch GET 200 https://registry.npmjs.org/map-stream 333ms (cache revalidated)
npm http fetch GET 200 https://registry.npmjs.org/from 334ms (cache revalidated)
npm http fetch GET 200 https://registry.npmjs.org/split 379ms (cache revalidated)
npm http fetch GET 200 https://registry.npmjs.org/call-bind 44ms (cache revalidated)
npm http fetch GET 200 https://registry.npmjs.org/object-inspect 44ms (cache revalidated)
npm http fetch GET 200 https://registry.npmjs.org/get-intrinsic 46ms (cache revalidated)
npm http fetch GET 200 https://registry.npmjs.org/har-schema 174ms (cache revalidated)
npm http fetch GET 200 https://registry.npmjs.org/fast-json-stable-stringify 275ms (cache revalidated)
npm http fetch GET 200 https://registry.npmjs.org/json-schema-traverse 275ms (cache revalidated)
npm http fetch GET 200 https://registry.npmjs.org/fast-deep-equal 278ms (cache revalidated)
npm http fetch GET 200 https://registry.npmjs.org/uri-js 275ms (cache revalidated)
npm http fetch GET 200 https://registry.npmjs.org/yallist 222ms (cache revalidated)
npm http fetch GET 200 https://registry.npmjs.org/hasown 346ms (cache revalidated)
npm http fetch GET 200 https://registry.npmjs.org/function-bind 351ms (cache revalidated)
npm http fetch GET 200 https://registry.npmjs.org/has-proto 349ms (cache revalidated)
npm http fetch GET 200 https://registry.npmjs.org/has-symbols 349ms (cache revalidated)
npm http fetch GET 200 https://registry.npmjs.org/set-function-length 351ms (cache revalidated)
npm http fetch GET 200 https://registry.npmjs.org/has-property-descriptors 229ms (cache revalidated)
npm http fetch GET 200 https://registry.npmjs.org/define-data-property 231ms (cache revalidated)
npm http fetch GET 200 https://registry.npmjs.org/gopd 388ms (cache revalidated)
npm http fetch GET 200 https://registry.npmjs.org/querystringify 217ms (cache revalidated)
npm http fetch GET 200 https://registry.npmjs.org/requires-port 324ms (cache revalidated)
npm http fetch GET 200 https://registry.npmjs.org/cli-boxes 218ms (cache revalidated)
npm http fetch GET 200 https://registry.npmjs.org/unique-string 215ms (cache revalidated)
npm http fetch GET 200 https://registry.npmjs.org/package-json 210ms (cache revalidated)
npm http fetch GET 200 https://registry.npmjs.org/write-file-atomic 215ms (cache revalidated)
npm http fetch GET 200 https://registry.npmjs.org/widest-line 218ms (cache revalidated)
npm http fetch GET 200 https://registry.npmjs.org/dot-prop 217ms (cache revalidated)
npm http fetch GET 200 https://registry.npmjs.org/escape-goat 214ms (cache revalidated)
npm http fetch GET 200 https://registry.npmjs.org/ansi-align 409ms (cache revalidated)
npm http fetch GET 200 https://registry.npmjs.org/imurmurhash 117ms (cache revalidated)
npm http fetch GET 200 https://registry.npmjs.org/crypto-random-string 119ms (cache revalidated)
npm http fetch GET 200 https://registry.npmjs.org/typedarray-to-buffer 117ms (cache revalidated)
npm http fetch GET 200 https://registry.npmjs.org/is-obj 122ms (cache revalidated)
npm http fetch GET 200 https://registry.npmjs.org/registry-auth-token 345ms (cache revalidated)
npm http fetch GET 200 https://registry.npmjs.org/registry-url 366ms (cache revalidated)
npm http fetch GET 200 https://registry.npmjs.org/got 370ms (cache revalidated)
npm http fetch GET 200 https://registry.npmjs.org/rc 139ms (cache revalidated)
npm http fetch GET 200 https://registry.npmjs.org/rc 138ms (cache revalidated)
npm http fetch GET 200 https://registry.npmjs.org/mimic-response 142ms (cache revalidated)
npm http fetch GET 200 https://registry.npmjs.org/p-cancelable 142ms (cache revalidated)
npm http fetch GET 200 https://registry.npmjs.org/decompress-response 144ms (cache revalidated)
npm http fetch GET 200 https://registry.npmjs.org/lowercase-keys 160ms (cache revalidated)
npm http fetch GET 200 https://registry.npmjs.org/duplexer3 161ms (cache revalidated)
npm http fetch GET 200 https://registry.npmjs.org/to-readable-stream 159ms (cache revalidated)
npm http fetch GET 200 https://registry.npmjs.org/@sindresorhus%2fis 165ms (cache revalidated)
npm http fetch GET 200 https://registry.npmjs.org/@szmarczak%2fhttp-timer 164ms (cache revalidated)
npm http fetch GET 200 https://registry.npmjs.org/url-parse-lax 160ms (cache revalidated)
npm http fetch GET 200 https://registry.npmjs.org/cacheable-request 310ms (cache revalidated)
npm http fetch GET 200 https://registry.npmjs.org/defer-to-connect 129ms (cache revalidated)
npm http fetch GET 200 https://registry.npmjs.org/http-cache-semantics 127ms (cache revalidated)
npm http fetch GET 200 https://registry.npmjs.org/normalize-url 126ms (cache revalidated)
npm http fetch GET 200 https://registry.npmjs.org/prepend-http 120ms (cache revalidated)
npm http fetch GET 200 https://registry.npmjs.org/responselike 127ms (cache revalidated)
npm http fetch GET 200 https://registry.npmjs.org/keyv 129ms (cache revalidated)
npm http fetch GET 200 https://registry.npmjs.org/clone-response 132ms (cache revalidated)
npm http fetch GET 200 https://registry.npmjs.org/json-buffer 125ms (cache revalidated)
npm http fetch GET 200 https://registry.npmjs.org/deep-extend 138ms (cache revalidated)
npm http fetch GET 200 https://registry.npmjs.org/pend 86ms (cache revalidated)
npm http fetch GET 200 https://registry.npmjs.org/crc32-stream 78ms (cache revalidated)
npm http fetch GET 200 https://registry.npmjs.org/crc-32 92ms (cache revalidated)
npm http fetch GET 200 https://registry.npmjs.org/buffer-alloc-unsafe 132ms (cache revalidated)
npm http fetch GET 200 https://registry.npmjs.org/buffer-fill 131ms (cache revalidated)
npm http fetch GET 200 https://registry.npmjs.org/p-try 118ms (cache revalidated)
npm http fetch POST 200 https://registry.npmjs.org/-/npm/v1/security/advisories/bulk 284ms
npm WARN deprecated har-validator@5.1.5: this library is no longer supported
npm WARN deprecated uuid@3.4.0: Please upgrade  to version 7 or higher.  Older versions may use Math.random() in certain circumstances, which is known to be problematic.  See https://v8.dev/blog/math-random for details.
npm WARN deprecated request@2.88.2: request has been deprecated, see https://github.com/request/request/issues/3142
npm info run cypress@13.6.1 postinstall node_modules/cypress node index.js --exec install
npm info run cypress@13.6.1 postinstall { code: 0, signal: null }

added 450 packages, and audited 451 packages in 14s

66 packages are looking for funding
  run `npm fund` for details

7 moderate severity vulnerabilities

To address all issues (including breaking changes), run:
  npm audit fix --force

Run `npm audit` for details.
npm verb exit 0
npm info ok 
